[debug] [2020-04-17T15:25:59.026Z] ----------------------------------------------------------------------
[debug] [2020-04-17T15:25:59.028Z] Command:       /home/dawid/.nvm/versions/node/v13.12.0/bin/node /home/dawid/.nvm/versions/node/v13.12.0/bin/firebase serve
[debug] [2020-04-17T15:25:59.028Z] CLI Version:   7.16.2
[debug] [2020-04-17T15:25:59.028Z] Platform:      linux
[debug] [2020-04-17T15:25:59.028Z] Node Version:  v13.12.0
[debug] [2020-04-17T15:25:59.028Z] Time:          Fri Apr 17 2020 16:25:59 GMT+0100 (British Summer Time)
[debug] [2020-04-17T15:25:59.028Z] ----------------------------------------------------------------------
[debug] [2020-04-17T15:25:59.028Z] 
[debug] [2020-04-17T15:25:59.032Z] > command requires scopes: ["email","openid","https://www.googleapis.com/auth/cloudplatformprojects.readonly","https://www.googleapis.com/auth/firebase","https://www.googleapis.com/auth/cloud-platform"]
[debug] [2020-04-17T15:25:59.032Z] > authorizing via signed-in user
[debug] [2020-04-17T15:25:59.032Z] [iam] checking project cdred-project for permissions ["firebase.projects.get"]
[debug] [2020-04-17T15:25:59.034Z] >>> HTTP REQUEST POST https://cloudresourcemanager.googleapis.com/v1/projects/cdred-project:testIamPermissions  

[debug] [2020-04-17T15:26:00.528Z] <<< HTTP RESPONSE 200
[debug] [2020-04-17T15:26:00.534Z] >>> HTTP REQUEST GET https://firebase.googleapis.com/v1beta1/projects/cdred-project  
 
[debug] [2020-04-17T15:26:01.759Z] <<< HTTP RESPONSE 200
[info] 
[info] === Serving from '/home/dawid/trening/Cdred/ReactCDPR'...
[info] 
[warn] ⚠  Your requested "node" version "10" doesn't match your global version "13"
[info] ✔  functions: functions emulator started at http://localhost:5000
[info] i  functions: Watching "/home/dawid/trening/Cdred/ReactCDPR/functions" for Cloud Functions...
[debug] [2020-04-17T15:26:01.793Z] [worker-pool] addWorker(~diagnostic~)
[debug] [2020-04-17T15:26:01.793Z] [worker-pool] Adding worker with key ~diagnostic~, total=1
[debug] [2020-04-17T15:26:01.793Z] [worker-pool] submitWork(triggerId=)
[debug] [2020-04-17T15:26:01.794Z] [worker-~diagnostic~-9cd98ef2-c733-4096-8ac2-4c788a6f04a2]: Assigning socketPath: /tmp/fire_emu_9321.sock
[debug] [2020-04-17T15:26:01.794Z] [worker-~diagnostic~-9cd98ef2-c733-4096-8ac2-4c788a6f04a2]: BUSY
[debug] [2020-04-17T15:26:01.967Z] [runtime-status] [9321] Functions runtime initialized. {"cwd":"/home/dawid/trening/Cdred/ReactCDPR/functions","node_version":"13.12.0"}
[debug] [2020-04-17T15:26:01.968Z] [runtime-status] [9321] Disabled runtime features: {"functions_config_helper":true,"network_filtering":true,"timeout":true,"memory_limiting":true,"admin_stubs":true,"pubsub_emulator":true}
[debug] [2020-04-17T15:26:01.969Z] [runtime-status] [9321] Resolved module firebase-admin {"declared":true,"installed":true,"version":"8.10.0","resolution":"/home/dawid/trening/Cdred/ReactCDPR/functions/node_modules/firebase-admin/lib/index.js"}
[debug] [2020-04-17T15:26:01.970Z] [runtime-status] [9321] Resolved module firebase-functions {"declared":true,"installed":true,"version":"3.5.0","resolution":"/home/dawid/trening/Cdred/ReactCDPR/functions/node_modules/firebase-functions/lib/index.js"}
[debug] [2020-04-17T15:26:01.970Z] [runtime-status] [9321] Resolved module firebase-functions {"declared":true,"installed":true,"version":"3.5.0","resolution":"/home/dawid/trening/Cdred/ReactCDPR/functions/node_modules/firebase-functions/lib/index.js"}
[info] ✔  functions[api]: http function initialized (http://localhost:5000/cdred-project/us-central1/api).
[debug] [2020-04-17T15:26:02.308Z] [worker-~diagnostic~-9cd98ef2-c733-4096-8ac2-4c788a6f04a2]: IDLE
[debug] [2020-04-17T15:28:59.262Z] [work-queue] {"queueLength":1,"workRunningCount":0}
[debug] [2020-04-17T15:28:59.262Z] [work-queue] {"queueLength":0,"workRunningCount":1}
[debug] [2020-04-17T15:28:59.263Z] Accepted request GET /cdred-project/us-central1/api/user --> api
[debug] [2020-04-17T15:28:59.269Z] [worker-pool] addWorker(api)
[debug] [2020-04-17T15:28:59.269Z] [worker-pool] Adding worker with key api, total=1
[debug] [2020-04-17T15:28:59.270Z] [worker-pool] submitWork(triggerId=api)
[debug] [2020-04-17T15:28:59.270Z] [worker-api-0fc56b84-de32-48d0-8ff9-6d72e98482ef]: Assigning socketPath: /tmp/fire_emu_9473.sock
[debug] [2020-04-17T15:28:59.270Z] [worker-api-0fc56b84-de32-48d0-8ff9-6d72e98482ef]: BUSY
[debug] [2020-04-17T15:28:59.286Z] [work-queue] {"queueLength":1,"workRunningCount":1}
[debug] [2020-04-17T15:28:59.286Z] [work-queue] {"queueLength":0,"workRunningCount":2}
[debug] [2020-04-17T15:28:59.287Z] Accepted request GET /cdred-project/us-central1/api/getsurveys --> api
[debug] [2020-04-17T15:28:59.299Z] [worker-pool] addWorker(api)
[debug] [2020-04-17T15:28:59.300Z] [worker-pool] Adding worker with key api, total=2
[debug] [2020-04-17T15:28:59.300Z] [worker-pool] submitWork(triggerId=api)
[debug] [2020-04-17T15:28:59.300Z] [worker-api-bd0f0be2-2fce-4d56-8880-05e2422d9144]: Assigning socketPath: /tmp/fire_emu_9480.sock
[debug] [2020-04-17T15:28:59.300Z] [worker-api-bd0f0be2-2fce-4d56-8880-05e2422d9144]: BUSY
[debug] [2020-04-17T15:28:59.685Z] [runtime-status] [9473] Functions runtime initialized. {"cwd":"/home/dawid/trening/Cdred/ReactCDPR/functions","node_version":"13.12.0"}
[debug] [2020-04-17T15:28:59.688Z] [runtime-status] [9473] Disabled runtime features: {"functions_config_helper":true,"network_filtering":true,"timeout":true,"memory_limiting":true,"admin_stubs":true,"pubsub_emulator":true}
[debug] [2020-04-17T15:28:59.691Z] [runtime-status] [9473] Resolved module firebase-admin {"declared":true,"installed":true,"version":"8.10.0","resolution":"/home/dawid/trening/Cdred/ReactCDPR/functions/node_modules/firebase-admin/lib/index.js"}
[debug] [2020-04-17T15:28:59.692Z] [runtime-status] [9473] Resolved module firebase-functions {"declared":true,"installed":true,"version":"3.5.0","resolution":"/home/dawid/trening/Cdred/ReactCDPR/functions/node_modules/firebase-functions/lib/index.js"}
[debug] [2020-04-17T15:28:59.694Z] [runtime-status] [9473] Resolved module firebase-functions {"declared":true,"installed":true,"version":"3.5.0","resolution":"/home/dawid/trening/Cdred/ReactCDPR/functions/node_modules/firebase-functions/lib/index.js"}
[debug] [2020-04-17T15:28:59.724Z] [runtime-status] [9480] Functions runtime initialized. {"cwd":"/home/dawid/trening/Cdred/ReactCDPR/functions","node_version":"13.12.0"}
[debug] [2020-04-17T15:28:59.725Z] [runtime-status] [9480] Disabled runtime features: {"functions_config_helper":true,"network_filtering":true,"timeout":true,"memory_limiting":true,"admin_stubs":true,"pubsub_emulator":true}
[debug] [2020-04-17T15:28:59.728Z] [runtime-status] [9480] Resolved module firebase-admin {"declared":true,"installed":true,"version":"8.10.0","resolution":"/home/dawid/trening/Cdred/ReactCDPR/functions/node_modules/firebase-admin/lib/index.js"}
[debug] [2020-04-17T15:28:59.729Z] [runtime-status] [9480] Resolved module firebase-functions {"declared":true,"installed":true,"version":"3.5.0","resolution":"/home/dawid/trening/Cdred/ReactCDPR/functions/node_modules/firebase-functions/lib/index.js"}
[debug] [2020-04-17T15:28:59.731Z] [runtime-status] [9480] Resolved module firebase-functions {"declared":true,"installed":true,"version":"3.5.0","resolution":"/home/dawid/trening/Cdred/ReactCDPR/functions/node_modules/firebase-functions/lib/index.js"}
[debug] [2020-04-17T15:29:00.453Z] [runtime-status] [9473] Trigger "api" has been found, beginning invocation!
[info] i  functions: Beginning execution of "api"
[debug] [2020-04-17T15:29:00.453Z] [runtime-status] [9473] triggerDefinition {"httpsTrigger":{},"name":"api","entryPoint":"api"}
[debug] [2020-04-17T15:29:00.453Z] [runtime-status] [9473] Running api in mode HTTPS
[debug] [2020-04-17T15:29:00.457Z] [runtime-status] [9473] Attempting to listen to socketPath: /tmp/fire_emu_9473.sock
[debug] [2020-04-17T15:29:00.464Z] [functions] Runtime ready! Sending request!
[debug] [2020-04-17T15:29:00.476Z] [runtime-status] [9473] Ephemeral server handling GET request
[debug] [2020-04-17T15:29:00.478Z] [runtime-status] [9480] Trigger "api" has been found, beginning invocation!
[info] i  functions: Beginning execution of "api"
[debug] [2020-04-17T15:29:00.479Z] [runtime-status] [9480] triggerDefinition {"httpsTrigger":{},"name":"api","entryPoint":"api"}
[debug] [2020-04-17T15:29:00.480Z] [runtime-status] [9480] Running api in mode HTTPS
[info] >  No token found
[debug] [2020-04-17T15:29:00.490Z] [runtime-status] [9480] Attempting to listen to socketPath: /tmp/fire_emu_9480.sock
[debug] [2020-04-17T15:29:00.492Z] [functions] Runtime ready! Sending request!
[debug] [2020-04-17T15:29:00.494Z] [runtime-status] [9473] Ephemeral server survived.
[debug] [2020-04-17T15:29:00.506Z] [runtime-status] [9480] Ephemeral server handling GET request
[info] i  functions: Finished "api" in ~1s
[debug] [2020-04-17T15:29:00.513Z] [worker-api-0fc56b84-de32-48d0-8ff9-6d72e98482ef]: IDLE
[debug] [2020-04-17T15:29:00.513Z] [work-queue] {"queueLength":0,"workRunningCount":1}
[debug] [2020-04-17T15:29:00.516Z] [runtime-status] [9480] Ephemeral server survived.
[info] i  functions: Finished "api" in ~1s
[debug] [2020-04-17T15:29:01.196Z] [worker-api-bd0f0be2-2fce-4d56-8880-05e2422d9144]: IDLE
[debug] [2020-04-17T15:29:01.197Z] [work-queue] {"queueLength":0,"workRunningCount":0}
[debug] [2020-04-17T15:29:10.999Z] [work-queue] {"queueLength":1,"workRunningCount":0}
[debug] [2020-04-17T15:29:10.999Z] [work-queue] {"queueLength":0,"workRunningCount":1}
[debug] [2020-04-17T15:29:10.999Z] Accepted request GET /cdred-project/us-central1/api/user --> api
[debug] [2020-04-17T15:29:10.999Z] [worker-pool] submitWork(triggerId=api)
[debug] [2020-04-17T15:29:10.999Z] [worker-api-0fc56b84-de32-48d0-8ff9-6d72e98482ef]: Assigning socketPath: /tmp/fire_emu_9473.sock
[debug] [2020-04-17T15:29:11.000Z] [worker-api-0fc56b84-de32-48d0-8ff9-6d72e98482ef]: BUSY
[debug] [2020-04-17T15:29:11.000Z] [runtime-status] [9473] Trigger "api" has been found, beginning invocation!
[info] i  functions: Beginning execution of "api"
[debug] [2020-04-17T15:29:11.001Z] [runtime-status] [9473] triggerDefinition {"httpsTrigger":{},"name":"api","entryPoint":"api"}
[debug] [2020-04-17T15:29:11.001Z] [runtime-status] [9473] Running api in mode HTTPS
[debug] [2020-04-17T15:29:11.001Z] [runtime-status] [9473] Attempting to listen to socketPath: /tmp/fire_emu_9473.sock
[debug] [2020-04-17T15:29:11.003Z] [functions] Runtime ready! Sending request!
[debug] [2020-04-17T15:29:11.007Z] [work-queue] {"queueLength":1,"workRunningCount":1}
[debug] [2020-04-17T15:29:11.008Z] [work-queue] {"queueLength":0,"workRunningCount":2}
[debug] [2020-04-17T15:29:11.008Z] Accepted request GET /cdred-project/us-central1/api/getsurveys --> api
[debug] [2020-04-17T15:29:11.008Z] [worker-pool] submitWork(triggerId=api)
[debug] [2020-04-17T15:29:11.008Z] [worker-api-bd0f0be2-2fce-4d56-8880-05e2422d9144]: Assigning socketPath: /tmp/fire_emu_9480.sock
[debug] [2020-04-17T15:29:11.008Z] [worker-api-bd0f0be2-2fce-4d56-8880-05e2422d9144]: BUSY
[debug] [2020-04-17T15:29:11.008Z] [runtime-status] [9473] Ephemeral server handling GET request
[info] >  No token found
[debug] [2020-04-17T15:29:11.009Z] [runtime-status] [9480] Trigger "api" has been found, beginning invocation!
[info] i  functions: Beginning execution of "api"
[debug] [2020-04-17T15:29:11.009Z] [runtime-status] [9480] triggerDefinition {"httpsTrigger":{},"name":"api","entryPoint":"api"}
[debug] [2020-04-17T15:29:11.009Z] [runtime-status] [9480] Running api in mode HTTPS
[debug] [2020-04-17T15:29:11.010Z] [runtime-status] [9480] Attempting to listen to socketPath: /tmp/fire_emu_9480.sock
[debug] [2020-04-17T15:29:11.011Z] [runtime-status] [9473] Ephemeral server survived.
[debug] [2020-04-17T15:29:11.012Z] [functions] Runtime ready! Sending request!
[info] i  functions: Finished "api" in ~1s
[debug] [2020-04-17T15:29:11.014Z] [worker-api-0fc56b84-de32-48d0-8ff9-6d72e98482ef]: IDLE
[debug] [2020-04-17T15:29:11.014Z] [work-queue] {"queueLength":0,"workRunningCount":1}
[debug] [2020-04-17T15:29:11.018Z] [runtime-status] [9480] Ephemeral server handling GET request
[debug] [2020-04-17T15:29:11.019Z] [runtime-status] [9480] Ephemeral server survived.
[info] i  functions: Finished "api" in ~1s
[debug] [2020-04-17T15:29:11.156Z] [worker-api-bd0f0be2-2fce-4d56-8880-05e2422d9144]: IDLE
[debug] [2020-04-17T15:29:11.157Z] [work-queue] {"queueLength":0,"workRunningCount":0}
[debug] [2020-04-17T15:35:12.175Z] [work-queue] {"queueLength":1,"workRunningCount":0}
[debug] [2020-04-17T15:35:12.175Z] [work-queue] {"queueLength":0,"workRunningCount":1}
[debug] [2020-04-17T15:35:12.175Z] Accepted request GET /cdred-project/us-central1/api/user --> api
[debug] [2020-04-17T15:35:12.175Z] [worker-pool] submitWork(triggerId=api)
[debug] [2020-04-17T15:35:12.175Z] [worker-api-0fc56b84-de32-48d0-8ff9-6d72e98482ef]: Assigning socketPath: /tmp/fire_emu_9473.sock
[debug] [2020-04-17T15:35:12.176Z] [worker-api-0fc56b84-de32-48d0-8ff9-6d72e98482ef]: BUSY
[debug] [2020-04-17T15:35:12.176Z] [runtime-status] [9473] Trigger "api" has been found, beginning invocation!
[info] i  functions: Beginning execution of "api"
[debug] [2020-04-17T15:35:12.176Z] [runtime-status] [9473] triggerDefinition {"httpsTrigger":{},"name":"api","entryPoint":"api"}
[debug] [2020-04-17T15:35:12.176Z] [runtime-status] [9473] Running api in mode HTTPS
[debug] [2020-04-17T15:35:12.177Z] [runtime-status] [9473] Attempting to listen to socketPath: /tmp/fire_emu_9473.sock
[debug] [2020-04-17T15:35:12.178Z] [functions] Runtime ready! Sending request!
[debug] [2020-04-17T15:35:12.180Z] [runtime-status] [9473] Ephemeral server handling GET request
[info] >  No token found
[debug] [2020-04-17T15:35:12.182Z] [runtime-status] [9473] Ephemeral server survived.
[info] i  functions: Finished "api" in ~1s
[debug] [2020-04-17T15:35:12.182Z] [worker-api-0fc56b84-de32-48d0-8ff9-6d72e98482ef]: IDLE
[debug] [2020-04-17T15:35:12.183Z] [work-queue] {"queueLength":0,"workRunningCount":0}
[debug] [2020-04-17T15:35:12.197Z] [work-queue] {"queueLength":1,"workRunningCount":0}
[debug] [2020-04-17T15:35:12.198Z] [work-queue] {"queueLength":0,"workRunningCount":1}
[debug] [2020-04-17T15:35:12.198Z] Accepted request GET /cdred-project/us-central1/api/getsurveys --> api
[debug] [2020-04-17T15:35:12.198Z] [worker-pool] submitWork(triggerId=api)
[debug] [2020-04-17T15:35:12.198Z] [worker-api-0fc56b84-de32-48d0-8ff9-6d72e98482ef]: Assigning socketPath: /tmp/fire_emu_9473.sock
[debug] [2020-04-17T15:35:12.198Z] [worker-api-0fc56b84-de32-48d0-8ff9-6d72e98482ef]: BUSY
[debug] [2020-04-17T15:35:12.199Z] [runtime-status] [9473] Trigger "api" has been found, beginning invocation!
[info] i  functions: Beginning execution of "api"
[debug] [2020-04-17T15:35:12.199Z] [runtime-status] [9473] triggerDefinition {"httpsTrigger":{},"name":"api","entryPoint":"api"}
[debug] [2020-04-17T15:35:12.199Z] [runtime-status] [9473] Running api in mode HTTPS
[debug] [2020-04-17T15:35:12.199Z] [runtime-status] [9473] Attempting to listen to socketPath: /tmp/fire_emu_9473.sock
[debug] [2020-04-17T15:35:12.200Z] [functions] Runtime ready! Sending request!
[debug] [2020-04-17T15:35:12.203Z] [runtime-status] [9473] Ephemeral server handling GET request
[debug] [2020-04-17T15:35:12.207Z] [runtime-status] [9473] Ephemeral server survived.
[info] i  functions: Finished "api" in ~1s
[debug] [2020-04-17T15:35:12.807Z] [worker-api-0fc56b84-de32-48d0-8ff9-6d72e98482ef]: IDLE
[debug] [2020-04-17T15:35:12.807Z] [work-queue] {"queueLength":0,"workRunningCount":0}
[debug] [2020-04-17T15:35:29.371Z] [work-queue] {"queueLength":1,"workRunningCount":0}
[debug] [2020-04-17T15:35:29.371Z] [work-queue] {"queueLength":0,"workRunningCount":1}
[debug] [2020-04-17T15:35:29.371Z] Accepted request GET /cdred-project/us-central1/api/user --> api
[debug] [2020-04-17T15:35:29.371Z] [worker-pool] submitWork(triggerId=api)
[debug] [2020-04-17T15:35:29.371Z] [worker-api-0fc56b84-de32-48d0-8ff9-6d72e98482ef]: Assigning socketPath: /tmp/fire_emu_9473.sock
[debug] [2020-04-17T15:35:29.371Z] [worker-api-0fc56b84-de32-48d0-8ff9-6d72e98482ef]: BUSY
[debug] [2020-04-17T15:35:29.372Z] [work-queue] {"queueLength":1,"workRunningCount":1}
[debug] [2020-04-17T15:35:29.372Z] [work-queue] {"queueLength":0,"workRunningCount":2}
[debug] [2020-04-17T15:35:29.372Z] Accepted request GET /cdred-project/us-central1/api/getsurveys --> api
[debug] [2020-04-17T15:35:29.372Z] [worker-pool] submitWork(triggerId=api)
[debug] [2020-04-17T15:35:29.372Z] [worker-api-bd0f0be2-2fce-4d56-8880-05e2422d9144]: Assigning socketPath: /tmp/fire_emu_9480.sock
[debug] [2020-04-17T15:35:29.372Z] [worker-api-bd0f0be2-2fce-4d56-8880-05e2422d9144]: BUSY
[debug] [2020-04-17T15:35:29.372Z] [runtime-status] [9473] Trigger "api" has been found, beginning invocation!
[info] i  functions: Beginning execution of "api"
[debug] [2020-04-17T15:35:29.372Z] [runtime-status] [9473] triggerDefinition {"httpsTrigger":{},"name":"api","entryPoint":"api"}
[debug] [2020-04-17T15:35:29.373Z] [runtime-status] [9473] Running api in mode HTTPS
[debug] [2020-04-17T15:35:29.373Z] [runtime-status] [9473] Attempting to listen to socketPath: /tmp/fire_emu_9473.sock
[debug] [2020-04-17T15:35:29.373Z] [functions] Runtime ready! Sending request!
[debug] [2020-04-17T15:35:29.374Z] [runtime-status] [9480] Trigger "api" has been found, beginning invocation!
[info] i  functions: Beginning execution of "api"
[debug] [2020-04-17T15:35:29.374Z] [runtime-status] [9480] triggerDefinition {"httpsTrigger":{},"name":"api","entryPoint":"api"}
[debug] [2020-04-17T15:35:29.374Z] [runtime-status] [9480] Running api in mode HTTPS
[debug] [2020-04-17T15:35:29.374Z] [runtime-status] [9480] Attempting to listen to socketPath: /tmp/fire_emu_9480.sock
[debug] [2020-04-17T15:35:29.374Z] [functions] Runtime ready! Sending request!
[debug] [2020-04-17T15:35:29.377Z] [runtime-status] [9473] Ephemeral server handling GET request
[info] >  No token found
[debug] [2020-04-17T15:35:29.378Z] [runtime-status] [9480] Ephemeral server handling GET request
[debug] [2020-04-17T15:35:29.378Z] [runtime-status] [9473] Ephemeral server survived.
[debug] [2020-04-17T15:35:29.378Z] [runtime-status] [9480] Ephemeral server survived.
[info] i  functions: Finished "api" in ~1s
[debug] [2020-04-17T15:35:29.378Z] [worker-api-0fc56b84-de32-48d0-8ff9-6d72e98482ef]: IDLE
[debug] [2020-04-17T15:35:29.379Z] [work-queue] {"queueLength":0,"workRunningCount":1}
[info] i  functions: Finished "api" in ~1s
[debug] [2020-04-17T15:35:29.575Z] [worker-api-bd0f0be2-2fce-4d56-8880-05e2422d9144]: IDLE
[debug] [2020-04-17T15:35:29.575Z] [work-queue] {"queueLength":0,"workRunningCount":0}
[debug] [2020-04-17T15:36:02.053Z] [work-queue] {"queueLength":1,"workRunningCount":0}
[debug] [2020-04-17T15:36:02.054Z] [work-queue] {"queueLength":0,"workRunningCount":1}
[debug] [2020-04-17T15:36:02.054Z] Accepted request GET /cdred-project/us-central1/api/user --> api
[debug] [2020-04-17T15:36:02.054Z] [worker-pool] submitWork(triggerId=api)
[debug] [2020-04-17T15:36:02.054Z] [worker-api-0fc56b84-de32-48d0-8ff9-6d72e98482ef]: Assigning socketPath: /tmp/fire_emu_9473.sock
[debug] [2020-04-17T15:36:02.054Z] [worker-api-0fc56b84-de32-48d0-8ff9-6d72e98482ef]: BUSY
[debug] [2020-04-17T15:36:02.054Z] [work-queue] {"queueLength":1,"workRunningCount":1}
[debug] [2020-04-17T15:36:02.054Z] [work-queue] {"queueLength":0,"workRunningCount":2}
[debug] [2020-04-17T15:36:02.054Z] Accepted request GET /cdred-project/us-central1/api/getsurveys --> api
[debug] [2020-04-17T15:36:02.054Z] [worker-pool] submitWork(triggerId=api)
[debug] [2020-04-17T15:36:02.054Z] [worker-api-bd0f0be2-2fce-4d56-8880-05e2422d9144]: Assigning socketPath: /tmp/fire_emu_9480.sock
[debug] [2020-04-17T15:36:02.055Z] [worker-api-bd0f0be2-2fce-4d56-8880-05e2422d9144]: BUSY
[debug] [2020-04-17T15:36:02.055Z] [runtime-status] [9473] Trigger "api" has been found, beginning invocation!
[info] i  functions: Beginning execution of "api"
[debug] [2020-04-17T15:36:02.055Z] [runtime-status] [9473] triggerDefinition {"httpsTrigger":{},"name":"api","entryPoint":"api"}
[debug] [2020-04-17T15:36:02.055Z] [runtime-status] [9473] Running api in mode HTTPS
[debug] [2020-04-17T15:36:02.055Z] [runtime-status] [9473] Attempting to listen to socketPath: /tmp/fire_emu_9473.sock
[debug] [2020-04-17T15:36:02.056Z] [functions] Runtime ready! Sending request!
[debug] [2020-04-17T15:36:02.056Z] [runtime-status] [9480] Trigger "api" has been found, beginning invocation!
[info] i  functions: Beginning execution of "api"
[debug] [2020-04-17T15:36:02.057Z] [runtime-status] [9480] triggerDefinition {"httpsTrigger":{},"name":"api","entryPoint":"api"}
[debug] [2020-04-17T15:36:02.057Z] [runtime-status] [9480] Running api in mode HTTPS
[debug] [2020-04-17T15:36:02.057Z] [runtime-status] [9480] Attempting to listen to socketPath: /tmp/fire_emu_9480.sock
[debug] [2020-04-17T15:36:02.057Z] [functions] Runtime ready! Sending request!
[debug] [2020-04-17T15:36:02.060Z] [runtime-status] [9473] Ephemeral server handling GET request
[debug] [2020-04-17T15:36:02.060Z] [runtime-status] [9480] Ephemeral server handling GET request
[info] >  No token found
[debug] [2020-04-17T15:36:02.062Z] [runtime-status] [9473] Ephemeral server survived.
[info] i  functions: Finished "api" in ~1s
[debug] [2020-04-17T15:36:02.062Z] [worker-api-0fc56b84-de32-48d0-8ff9-6d72e98482ef]: IDLE
[debug] [2020-04-17T15:36:02.062Z] [work-queue] {"queueLength":0,"workRunningCount":1}
[debug] [2020-04-17T15:36:02.062Z] [runtime-status] [9480] Ephemeral server survived.
[info] i  functions: Finished "api" in ~1s
[debug] [2020-04-17T15:36:02.180Z] [worker-api-bd0f0be2-2fce-4d56-8880-05e2422d9144]: IDLE
[debug] [2020-04-17T15:36:02.180Z] [work-queue] {"queueLength":0,"workRunningCount":0}
