Thu, 07 May 2020 09:15:42 GMT | ERROR | Error unhandledRejection {} | 
Thu, 07 May 2020 09:16:42 GMT | ERROR | Error uncaughtException {} | 
Thu, 07 May 2020 18:03:17 GMT | ERROR | Error uncaughtException {} | 
Mon, 11 May 2020 15:29:50 GMT | ERROR | Error At Trying to Send Email {"errno":"ENOTFOUND","code":"EDNS","syscall":"getaddrinfo","hostname":"gmail","command":"CONN"} | 
Mon, 11 May 2020 15:38:36 GMT | ERROR | Error At Trying to Send Email {"errno":"ENOTFOUND","code":"EDNS","syscall":"getaddrinfo","hostname":"gmail","command":"CONN"} | 
Mon, 11 May 2020 15:54:57 GMT | ERROR | Error At Trying to Send Email {"code":"EAUTH","command":"API"} | 
Mon, 11 May 2020 15:57:03 GMT | ERROR | Error At Trying to Send Email {"code":"EAUTH","command":"API"} | 
Mon, 11 May 2020 16:00:48 GMT | ERROR | Error At Trying to Send Email {"code":"EENVELOPE","command":"API"} | 
Tue, 12 May 2020 12:56:13 GMT | ERROR | Error At Trying to Login | data: wizard911@o2.pl | 
Wed, 13 May 2020 07:55:32 GMT | ERROR | Error uncaughtException {} | 
Wed, 13 May 2020 07:58:24 GMT | ERROR | Error uncaughtException {} | 
Wed, 13 May 2020 08:06:33 GMT | ERROR | Error uncaughtException {} | 
Fri, 15 May 2020 08:29:40 GMT | ERROR | Error At Trying to register  {"code":"auth/email-already-in-use","message":"The email address is already in use by another account."} | 
Fri, 15 May 2020 08:30:22 GMT | ERROR | Error At Trying to register  {"code":"auth/email-already-in-use","message":"The email address is already in use by another account."} | 
Fri, 15 May 2020 08:32:31 GMT | ERROR | Error At Trying to register  {} | 
Fri, 15 May 2020 08:32:31 GMT | ERROR | Error unhandledRejection {} | 
Fri, 15 May 2020 13:14:02 GMT | ERROR | Error At Trying to register  {} | 
Fri, 15 May 2020 13:14:02 GMT | ERROR | Error unhandledRejection {} | 
Fri, 15 May 2020 17:35:24 GMT | ERROR | Error At Trying to register  {} | 
Fri, 15 May 2020 17:35:24 GMT | ERROR | Error unhandledRejection {} | 
Sat, 16 May 2020 15:40:52 GMT | ERROR | Error At Trying to register  {} | 
Sat, 16 May 2020 15:40:52 GMT | ERROR | Error unhandledRejection {} | 
Sat, 16 May 2020 15:41:30 GMT | ERROR | Error At Trying to Login | data: dyczek.dawid@gmail.com | 
Sat, 16 May 2020 15:54:39 GMT | ERROR | Error At Trying to register  {} | 
Sat, 16 May 2020 15:54:39 GMT | ERROR | Error unhandledRejection {} | 
Sat, 16 May 2020 17:11:09 GMT | ERROR | Error At Trying to Login | data: dyczek.dawid@gmail.com | 
Mon, 18 May 2020 16:01:50 GMT | ERROR | Error At Trying to Login | data: silussinister@gmail.com | 
