Thu, 07 May 2020 09:15:42 GMT | ERROR | Error unhandledRejection {} | 
Thu, 07 May 2020 09:16:42 GMT | ERROR | Error uncaughtException {} | 
Thu, 07 May 2020 09:22:14 GMT | INFO | Email was send Sucessfuly by dyczek.dawid@gmail.com | 
Thu, 07 May 2020 09:34:05 GMT | INFO | User wizard911@o2.pl uploaded new photo user8214.jpg | 
Thu, 07 May 2020 10:53:16 GMT | INFO | Email was send Sucessfuly by asdas3sd@asdasd.com | 
Thu, 07 May 2020 17:59:09 GMT | INFO | busboy | 
Thu, 07 May 2020 18:02:17 GMT | INFO | busboy | 
Thu, 07 May 2020 18:03:17 GMT | ERROR | Error uncaughtException {} | 
Thu, 07 May 2020 18:45:58 GMT | INFO | busboy | 
Thu, 07 May 2020 21:16:39 GMT | INFO | busboy | 
Thu, 07 May 2020 21:32:33 GMT | INFO | User wizard911@o2.pl uploaded new photo user510huj.jpg | 
Thu, 07 May 2020 21:34:42 GMT | INFO | User wizard911@o2.pl uploaded new photo user1924huj.jpg | Mon, 11 May 2020 15:29:50 GMT | ERROR | Error At Trying to Send Email {"errno":"ENOTFOUND","code":"EDNS","syscall":"getaddrinfo","hostname":"gmail","command":"CONN"} | 
Mon, 11 May 2020 15:38:36 GMT | ERROR | Error At Trying to Send Email {"errno":"ENOTFOUND","code":"EDNS","syscall":"getaddrinfo","hostname":"gmail","command":"CONN"} | 
Mon, 11 May 2020 15:43:24 GMT | INFO | Email was send Sucessfuly by asdas3sd@asdasd.com | 
Mon, 11 May 2020 15:54:57 GMT | ERROR | Error At Trying to Send Email {"code":"EAUTH","command":"API"} | 
Mon, 11 May 2020 15:57:03 GMT | ERROR | Error At Trying to Send Email {"code":"EAUTH","command":"API"} | 
Mon, 11 May 2020 16:00:48 GMT | ERROR | Error At Trying to Send Email {"code":"EENVELOPE","command":"API"} | 
Mon, 11 May 2020 16:01:40 GMT | INFO | Email was send Sucessfuly by asdas3sd@asdasd.com | 
Tue, 12 May 2020 09:33:04 GMT | INFO | Email was send Sucessfuly by asdas3sd@asdasd.com | 
Tue, 12 May 2020 09:33:37 GMT | INFO | Survey Was submited cool | 
Tue, 12 May 2020 09:50:08 GMT | INFO | New User created | data : dyczek.daw343id@gmail.com | 
Tue, 12 May 2020 09:51:36 GMT | INFO | User dyczek.daw343id@gmail.com uploaded new photo user2790huj.jpg | 
Tue, 12 May 2020 12:56:13 GMT | ERROR | Error At Trying to Login | data: wizard911@o2.pl | 
Wed, 13 May 2020 07:55:32 GMT | ERROR | Error uncaughtException {} | 
Wed, 13 May 2020 07:58:24 GMT | ERROR | Error uncaughtException {} | 
Wed, 13 May 2020 08:06:33 GMT | ERROR | Error uncaughtException {} | 
